src/main/resources/Android/app/build/intermediates/manifest_merge_blame_file/debug/manifest-merger-blame-debug-report.txt
1<?xml version="1.0" encoding="utf-8"?>
2<manifest xmlns:android="http://schemas.android.com/apk/res/android"
3    package="com.example.gp2"
4    android:versionCode="1"
5    android:versionName="1.0" >
6
7    <uses-sdk
8        android:minSdkVersion="15"
8-->src/main/AndroidManifest.xml
9        android:targetSdkVersion="29" />
9-->src/main/AndroidManifest.xml
10
11    <uses-permission android:name="android.permission.INTERNET" />
11-->src/main/AndroidManifest.xml:4:5-66
11-->src/main/AndroidManifest.xml:4:22-64
12    <uses-permission android:name="android.permission.ACCESS_COARSE_LOCATION" />
12-->src/main/AndroidManifest.xml:5:5-80
12-->src/main/AndroidManifest.xml:5:22-78
13    <uses-permission android:name="android.permission.ACCESS_FINE_LOCATION" />
13-->src/main/AndroidManifest.xml:6:5-78
13-->src/main/AndroidManifest.xml:6:22-76
14
15    <application
15-->src/main/AndroidManifest.xml:8:5-27:19
16        android:allowBackup="true"
16-->src/main/AndroidManifest.xml:9:9-35
17        android:appComponentFactory="androidx.core.app.CoreComponentFactory"
17-->[androidx.core:core:1.1.0] AndroidManifest.xml:24:18-86
18        android:debuggable="true"
19        android:icon="@mipmap/ic_launcher"
19-->src/main/AndroidManifest.xml:10:9-43
20        android:label="@string/app_name"
20-->src/main/AndroidManifest.xml:11:9-41
21        android:roundIcon="@mipmap/ic_launcher_round"
21-->src/main/AndroidManifest.xml:12:9-54
22        android:supportsRtl="true"
22-->src/main/AndroidManifest.xml:13:9-35
23        android:theme="@style/AppTheme" >
23-->src/main/AndroidManifest.xml:14:9-40
24        <activity android:name="com.example.gp2.SearchActivity" />
24-->src/main/AndroidManifest.xml:16:9-61
24-->src/main/AndroidManifest.xml:16:19-49
25        <activity android:name="com.example.gp2.RegisteryActivity" />
25-->src/main/AndroidManifest.xml:17:9-64
25-->src/main/AndroidManifest.xml:17:19-52
26        <activity android:name="com.example.gp2.ModifyActivity" />
26-->src/main/AndroidManifest.xml:18:9-61
26-->src/main/AndroidManifest.xml:18:19-49
27        <activity android:name="com.example.gp2.MainActivity" >
27-->src/main/AndroidManifest.xml:19:9-26:20
27-->src/main/AndroidManifest.xml:19:19-47
28            <intent-filter>
28-->src/main/AndroidManifest.xml:21:13-25:29
29                <action android:name="android.intent.action.MAIN" />
29-->src/main/AndroidManifest.xml:22:17-69
29-->src/main/AndroidManifest.xml:22:25-66
30
31                <category android:name="android.intent.category.LAUNCHER" />
31-->src/main/AndroidManifest.xml:24:17-77
31-->src/main/AndroidManifest.xml:24:27-74
32            </intent-filter>
33        </activity>
34
35        <provider
35-->[com.squareup.picasso:picasso:2.71828] AndroidManifest.xml:8:9-11:40
36            android:name="com.squareup.picasso.PicassoProvider"
36-->[com.squareup.picasso:picasso:2.71828] AndroidManifest.xml:9:13-64
37            android:authorities="com.example.gp2.com.squareup.picasso"
37-->[com.squareup.picasso:picasso:2.71828] AndroidManifest.xml:10:13-72
38            android:exported="false" />
38-->[com.squareup.picasso:picasso:2.71828] AndroidManifest.xml:11:13-37
39    </application>
40
41</manifest>